<?xml version="1.0" encoding="utf-8"?><testsuites name="pytest tests"><testsuite name="pytest" errors="0" failures="0" skipped="0" tests="11" time="2.741" timestamp="2026-03-22T09:35:31.976143+00:00" hostname="agent-env-6ba18878-0f3e-492d-a152-e713a7eb5401"><testcase classname="backend.tests.test_employee_cleanup.TestEmployeeCleanupAnalyze" name="test_analyze_endpoint_returns_200" time="0.157" /><testcase classname="backend.tests.test_employee_cleanup.TestEmployeeCleanupAnalyze" name="test_analyze_returns_expected_structure" time="0.109" /><testcase classname="backend.tests.test_employee_cleanup.TestEmployeeCleanupAnalyze" name="test_analyze_detects_server_sales_pattern" time="0.245" /><testcase classname="backend.tests.test_employee_cleanup.TestEmployeeCleanupAnalyze" name="test_analyze_detects_total_pattern" time="0.233" /><testcase classname="backend.tests.test_employee_cleanup.TestEmployeeCleanupAnalyze" name="test_analyze_detects_test_employee_pattern" time="0.231" /><testcase classname="backend.tests.test_employee_cleanup.TestEmployeeCleanupAnalyze" name="test_analyze_detects_demo_user_pattern" time="0.233" /><testcase classname="backend.tests.test_employee_cleanup.TestEmployeeCleanupDelete" name="test_delete_endpoint_requires_employee_ids" time="0.112" /><testcase classname="backend.tests.test_employee_cleanup.TestEmployeeCleanupDelete" name="test_delete_single_employee" time="0.329" /><testcase classname="backend.tests.test_employee_cleanup.TestEmployeeCleanupDelete" name="test_delete_multiple_employees" time="0.823" /><testcase classname="backend.tests.test_employee_cleanup.TestEmployeeCleanupDelete" name="test_delete_nonexistent_employee" time="0.099" /><testcase classname="backend.tests.test_employee_cleanup.TestInvalidPatternDetection" name="test_patterns_in_code" time="0.099" /></testsuite></testsuites>