<?xml version="1.0" encoding="utf-8"?><testsuites name="pytest tests"><testsuite name="pytest" errors="0" failures="0" skipped="0" tests="8" time="3.109" timestamp="2026-03-31T10:12:06.228019+00:00" hostname="agent-env-6ba18878-0f3e-492d-a152-e713a7eb5401"><testcase classname="tests.test_employee_metric_edit.TestCurrentRankingsEndpoint" name="test_current_rankings_returns_data" time="0.361" /><testcase classname="tests.test_employee_metric_edit.TestCurrentRankingsEndpoint" name="test_current_rankings_returns_active_snapshot" time="0.173" /><testcase classname="tests.test_employee_metric_edit.TestCurrentRankingsEndpoint" name="test_current_rankings_employees_have_scores" time="0.139" /><testcase classname="tests.test_employee_metric_edit.TestEmployeeMetricEdit" name="test_get_employee_for_edit" time="0.144" /><testcase classname="tests.test_employee_metric_edit.TestEmployeeMetricEdit" name="test_update_employee_ppa_recalculates_score" time="0.749" /><testcase classname="tests.test_employee_metric_edit.TestEmployeeMetricEdit" name="test_update_employee_lbw_recalculates_derived_values" time="0.601" /><testcase classname="tests.test_employee_metric_edit.TestConfirmPosReview" name="test_confirm_pos_review_updates_scores" time="0.724" /><testcase classname="tests.test_employee_metric_edit.TestScoreRecalculationFormula" name="test_score_formula_verification" time="0.143" /></testsuite></testsuites>