<?xml version="1.0" encoding="utf-8"?><testsuites name="pytest tests"><testsuite name="pytest" errors="0" failures="0" skipped="0" tests="9" time="3.635" timestamp="2026-04-02T16:42:34.463167+00:00" hostname="agent-env-6ba18878-0f3e-492d-a152-e713a7eb5401"><testcase classname="backend.tests.test_finalize_workflow.TestWorkflowStatus" name="test_get_workflow_status" time="0.347" /><testcase classname="backend.tests.test_finalize_workflow.TestWorkflowStatus" name="test_workflow_status_not_found" time="0.169" /><testcase classname="backend.tests.test_finalize_workflow.TestQuarterSettings" name="test_get_quarter_settings" time="0.198" /><testcase classname="backend.tests.test_finalize_workflow.TestFinalization" name="test_get_finalization_status" time="0.153" /><testcase classname="backend.tests.test_finalize_workflow.TestFinalizeAndReopen" name="test_finalize_snapshot" time="0.825" /><testcase classname="backend.tests.test_finalize_workflow.TestFinalizeAndReopen" name="test_reopen_snapshot" time="0.527" /><testcase classname="backend.tests.test_finalize_workflow.TestFinalizeAndReopen" name="test_reopen_non_finalized_fails" time="0.307" /><testcase classname="backend.tests.test_finalize_workflow.TestDARDeductions" name="test_dar_deduction_calculation" time="0.874" /><testcase classname="backend.tests.test_finalize_workflow.TestCurrentRankings" name="test_get_current_rankings" time="0.157" /></testsuite></testsuites>