<?xml version="1.0" encoding="utf-8"?><testsuites name="pytest tests"><testsuite name="pytest" errors="0" failures="0" skipped="0" tests="10" time="8.012" timestamp="2026-04-01T16:49:26.426055+00:00" hostname="agent-env-6ba18878-0f3e-492d-a152-e713a7eb5401"><testcase classname="backend.tests.test_finalize_quarter.TestFinalizeQuarterFlow" name="test_get_finalization_status_not_finalized" time="0.617" /><testcase classname="backend.tests.test_finalize_quarter.TestFinalizeQuarterFlow" name="test_get_current_rankings_has_employees" time="0.529" /><testcase classname="backend.tests.test_finalize_quarter.TestFinalizeQuarterFlow" name="test_save_dar_entries_draft" time="0.677" /><testcase classname="backend.tests.test_finalize_quarter.TestFinalizeQuarterFlow" name="test_get_dar_entries" time="0.747" /><testcase classname="backend.tests.test_finalize_quarter.TestFinalizeQuarterFlow" name="test_finalize_quarter_with_dar_deductions" time="0.751" /><testcase classname="backend.tests.test_finalize_quarter.TestFinalizeQuarterFlow" name="test_finalization_status_after_finalize" time="0.912" /><testcase classname="backend.tests.test_finalize_quarter.TestFinalizeQuarterFlow" name="test_snapshot_status_updated_to_finalized" time="1.002" /><testcase classname="backend.tests.test_finalize_quarter.TestFinalizeQuarterFlow" name="test_unfinalize_quarter" time="1.017" /><testcase classname="backend.tests.test_finalize_quarter.TestFinalizeQuarterFlow" name="test_dar_calculation_written_warning" time="0.730" /><testcase classname="backend.tests.test_finalize_quarter.TestFinalizeQuarterFlow" name="test_dar_calculation_suspension" time="0.960" /></testsuite></testsuites>