<?xml version="1.0" encoding="utf-8"?><testsuites name="pytest tests"><testsuite name="pytest" errors="0" failures="0" skipped="0" tests="15" time="0.748" timestamp="2026-01-26T10:04:25.297815+00:00" hostname="agent-env-cc3de032-7989-4dd0-98df-7e316bc20a00"><testcase classname="backend.tests.test_full_rankings.TestFullRankingsAPI" name="test_full_rankings_returns_data" time="0.077" /><testcase classname="backend.tests.test_full_rankings.TestFullRankingsAPI" name="test_full_rankings_employee_structure" time="0.041" /><testcase classname="backend.tests.test_full_rankings.TestFullRankingsAPI" name="test_full_rankings_hierarchy_order" time="0.042" /><testcase classname="backend.tests.test_full_rankings.TestFullRankingsAPI" name="test_full_rankings_position_labels" time="0.042" /><testcase classname="backend.tests.test_full_rankings.TestTierFilter" name="test_filter_a_servers" time="0.043" /><testcase classname="backend.tests.test_full_rankings.TestTierFilter" name="test_filter_b_servers" time="0.042" /><testcase classname="backend.tests.test_full_rankings.TestTierFilter" name="test_filter_c_servers" time="0.041" /><testcase classname="backend.tests.test_full_rankings.TestTierFilter" name="test_filter_preserves_total_count" time="0.078" /><testcase classname="backend.tests.test_full_rankings.TestTierThresholds" name="test_a_server_threshold" time="0.036" /><testcase classname="backend.tests.test_full_rankings.TestTierThresholds" name="test_b_server_threshold" time="0.041" /><testcase classname="backend.tests.test_full_rankings.TestTierThresholds" name="test_c_server_threshold" time="0.041" /><testcase classname="backend.tests.test_full_rankings.TestCSVTemplate" name="test_template_download" time="0.035" /><testcase classname="backend.tests.test_full_rankings.TestCSVTemplate" name="test_template_has_job_title_column" time="0.039" /><testcase classname="backend.tests.test_full_rankings.TestSettingsTierThresholds" name="test_settings_include_tier_thresholds_in_create" time="0.035" /><testcase classname="backend.tests.test_full_rankings.TestNavigationRankingsTab" name="test_rankings_route_exists" time="0.046" /></testsuite></testsuites>