<?xml version="1.0" encoding="utf-8"?><testsuites name="pytest tests"><testsuite name="pytest" errors="0" failures="0" skipped="0" tests="18" time="12.157" timestamp="2026-04-08T21:01:26.425812+00:00" hostname="agent-env-6ba18878-0f3e-492d-a152-e713a7eb5401"><testcase classname="tests.test_integration_e2e.TestSnapshotWorkflow" name="test_current_rankings_returns_data" time="0.271" /><testcase classname="tests.test_integration_e2e.TestSnapshotWorkflow" name="test_current_rankings_sorted_by_tier" time="0.178" /><testcase classname="tests.test_integration_e2e.TestSnapshotWorkflow" name="test_snapshot_metadata_present" time="0.181" /><testcase classname="tests.test_integration_e2e.TestEmployeeCRUD" name="test_create_employee" time="1.244" /><testcase classname="tests.test_integration_e2e.TestEmployeeCRUD" name="test_read_employee" time="1.568" /><testcase classname="tests.test_integration_e2e.TestEmployeeCRUD" name="test_update_employee" time="3.855" /><testcase classname="tests.test_integration_e2e.TestEmployeeCRUD" name="test_delete_employee" time="1.493" /><testcase classname="tests.test_integration_e2e.TestScoreCalculation" name="test_score_calculation_formula" time="0.158" /><testcase classname="tests.test_integration_e2e.TestScoreCalculation" name="test_metric_bonus_calculation" time="0.162" /><testcase classname="tests.test_integration_e2e.TestQuarterSettings" name="test_get_quarter_settings" time="0.538" /><testcase classname="tests.test_integration_e2e.TestQuarterSettings" name="test_settings_reflected_in_store_health" time="0.374" /><testcase classname="tests.test_integration_e2e.TestTrendDataConsistency" name="test_momentum_endpoint_returns_data" time="0.175" /><testcase classname="tests.test_integration_e2e.TestTrendDataConsistency" name="test_momentum_matches_rankings" time="0.385" /><testcase classname="tests.test_integration_e2e.TestInsightsEndpoints" name="test_store_health_endpoint" time="0.173" /><testcase classname="tests.test_integration_e2e.TestInsightsEndpoints" name="test_coaching_radar_endpoint" time="0.179" /><testcase classname="tests.test_integration_e2e.TestInsightsEndpoints" name="test_review_impact_endpoint" time="0.162" /><testcase classname="tests.test_integration_e2e.TestDataIntegrity" name="test_employee_count_consistency" time="0.596" /><testcase classname="tests.test_integration_e2e.TestCleanup" name="test_cleanup_test_employees" time="0.375" /></testsuite></testsuites>