<?xml version="1.0" encoding="utf-8"?><testsuites name="pytest tests"><testsuite name="pytest" errors="0" failures="0" skipped="0" tests="7" time="4.001" timestamp="2026-04-26T18:12:27.010797+00:00" hostname="agent-env-6ba18878-0f3e-492d-a152-e713a7eb5401"><testcase classname="backend.tests.test_iteration_24.TestCVAdjustmentUpload" name="test_upload_with_feedback_and_transaction" time="1.853" /><testcase classname="backend.tests.test_iteration_24.TestCVAdjustmentUpload" name="test_upload_without_transaction_file" time="0.715" /><testcase classname="backend.tests.test_iteration_24.TestCVAdjustmentUpload" name="test_upload_invalid_extension" time="0.155" /><testcase classname="backend.tests.test_iteration_24.TestQRLeaderboardData" name="test_leaderboard_data_shape_and_sort" time="0.204" /><testcase classname="backend.tests.test_iteration_24.TestQRLeaderboardSlide" name="test_slide_returns_png" time="0.468" /><testcase classname="backend.tests.test_iteration_24.TestIteration23Regressions" name="test_q1_active_snapshot_has_employees" time="0.296" /><testcase classname="backend.tests.test_iteration_24.TestIteration23Regressions" name="test_q2_leaderboard_alive" time="0.236" /></testsuite></testsuites>