<?xml version="1.0" encoding="utf-8"?><testsuites name="pytest tests"><testsuite name="pytest" errors="0" failures="0" skipped="0" tests="20" time="18.254" timestamp="2026-05-29T22:59:13.995752+00:00" hostname="agent-env-6ba18878-0f3e-492d-a152-e713a7eb5401"><testcase classname="backend.tests.test_iteration_28_name_match_scoring" name="test_scoring_example_no_auth_total_123_5" time="1.025" /><testcase classname="backend.tests.test_iteration_28_name_match_scoring" name="test_scoring_trust_anon_401" time="0.153" /><testcase classname="backend.tests.test_iteration_28_name_match_scoring" name="test_scoring_trust_admin_returns_tri_state" time="1.018" /><testcase classname="backend.tests.test_iteration_28_name_match_scoring" name="test_normalize_quarter_settings_anon_401" time="0.112" /><testcase classname="backend.tests.test_iteration_28_name_match_scoring" name="test_normalize_quarter_settings_dry_run_admin" time="0.228" /><testcase classname="backend.tests.test_iteration_28_name_match_scoring" name="test_normalize_quarter_settings_apply_idempotent_on_real_quarter" time="0.232" /><testcase classname="backend.tests.test_iteration_28_name_match_scoring" name="test_admin_endpoints_anon_401[GET-/api/v2/admin/scoring-trust]" time="0.117" /><testcase classname="backend.tests.test_iteration_28_name_match_scoring" name="test_admin_endpoints_anon_401[POST-/api/v2/admin/normalize-quarter-settings?dry_run=true]" time="0.141" /><testcase classname="backend.tests.test_iteration_28_name_match_scoring" name="test_admin_endpoints_anon_401[POST-/api/v2/admin/clear-all-detractors?quarter=Q2&amp;year=2026]" time="0.110" /><testcase classname="backend.tests.test_iteration_28_name_match_scoring" name="test_admin_endpoints_anon_401[GET-/api/v2/admin/name-matching/preview?quarter=Q2&amp;year=2026]" time="0.107" /><testcase classname="backend.tests.test_iteration_28_name_match_scoring" name="test_admin_endpoints_anon_401[POST-/api/v2/admin/name-matching/apply?quarter=Q2&amp;year=2026]" time="0.104" /><testcase classname="backend.tests.test_iteration_28_name_match_scoring" name="test_admin_endpoints_anon_401[POST-/api/v2/admin/demo-prep?quarter=Q2&amp;year=2026]" time="0.148" /><testcase classname="backend.tests.test_iteration_28_name_match_scoring" name="test_scoring_example_remains_public_exempt" time="0.154" /><testcase classname="backend.tests.test_iteration_28_name_match_scoring" name="test_name_matching_preview_uses_engine_cv" time="0.315" /><testcase classname="backend.tests.test_iteration_28_name_match_scoring" name="test_name_matching_apply_persists_engine_cv" time="4.545" /><testcase classname="backend.tests.test_iteration_28_name_match_scoring" name="test_clear_all_detractors_zeros_and_replays_engine" time="0.634" /><testcase classname="backend.tests.test_iteration_28_name_match_scoring" name="test_demo_prep_sentinel_year_dry_run_then_apply_idempotent" time="1.318" /><testcase classname="backend.tests.test_iteration_28_name_match_scoring" name="test_current_rankings_lockstep_with_v2" time="0.479" /><testcase classname="backend.tests.test_iteration_28_name_match_scoring" name="test_inline_pos_rename_drane_to_diane_and_back" time="7.216" /><testcase classname="backend.tests.test_iteration_28_name_match_scoring" name="test_name_matcher_normalize_and_smart_match" time="0.008" /></testsuite></testsuites>