<?xml version="1.0" encoding="utf-8"?><testsuites name="pytest tests"><testsuite name="pytest" errors="0" failures="0" skipped="1" tests="9" time="4.186" timestamp="2026-04-26T23:42:49.961857+00:00" hostname="agent-env-6ba18878-0f3e-492d-a152-e713a7eb5401"><testcase classname="tests.test_iteration_26_rt_parsing.TestRTQuarterResolution" name="test_q2_snapshot_upload_uses_q2_employees" time="0.922" /><testcase classname="tests.test_iteration_26_rt_parsing.TestRTQuarterResolution" name="test_q1_snapshot_upload_still_works_regression" time="0.371" /><testcase classname="tests.test_iteration_26_rt_parsing.TestStatusGuard" name="test_rt_upload_to_completed_returns_400" time="0.257" /><testcase classname="tests.test_iteration_26_rt_parsing.TestStatusGuard" name="test_rt_upload_to_in_progress_accepted" time="0.359" /><testcase classname="tests.test_iteration_26_rt_parsing.TestProcessPopulatesRTFields" name="test_process_populates_rt_mentions_and_bonus" time="0.752" /><testcase classname="tests.test_iteration_26_rt_parsing.TestRegressions" name="test_nickname_get_endpoint" time="0.158" /><testcase classname="tests.test_iteration_26_rt_parsing.TestRegressions" name="test_nickname_post_then_delete" time="0.862" /><testcase classname="tests.test_iteration_26_rt_parsing.TestRegressions" name="test_p0_sync_safety_guard" time="0.362" /><testcase classname="tests.test_iteration_26_rt_parsing.TestRegressions" name="test_cv_adjustment_upload_returns_nps" time="0.000"><skipped type="pytest.skip" message="/tmp/feedback.xlsx not available">/app/backend/tests/test_iteration_26_rt_parsing.py:339: /tmp/feedback.xlsx not available</skipped></testcase></testsuite></testsuites>