<?xml version="1.0" encoding="utf-8"?><testsuites name="pytest tests"><testsuite name="pytest" errors="0" failures="0" skipped="0" tests="8" time="5.229" timestamp="2026-04-26T10:47:35.150579+00:00" hostname="agent-env-6ba18878-0f3e-492d-a152-e713a7eb5401"><testcase classname="tests.test_iteration_22_features.TestEmployeePutOrphanRecovery" name="test_orphan_uuid_put_succeeds_with_recovery" time="1.256" /><testcase classname="tests.test_iteration_22_features.TestEmployeeDeleteTargeted" name="test_delete_specific_row_leaves_duplicate" time="0.333" /><testcase classname="tests.test_iteration_22_features.TestDedupNicknames" name="test_fuzzy_nickname_dedup" time="0.445" /><testcase classname="tests.test_iteration_22_features.TestQRTripAdvisor" name="test_qr_stats_has_tripadvisor" time="0.148" /><testcase classname="tests.test_iteration_22_features.TestQRTripAdvisor" name="test_qr_settings_has_tripadvisor_url" time="0.153" /><testcase classname="tests.test_iteration_22_features.TestQRTripAdvisor" name="test_qr_employee_create_and_ta_track" time="0.695" /><testcase classname="tests.test_iteration_22_features.TestCVAdjustmentUpload" name="test_xlsx_upload_returns_session" time="0.152" /><testcase classname="tests.test_iteration_22_features.TestSnapshotRebuildPreservesNames" name="test_display_name_preserved" time="1.755" /></testsuite></testsuites>