<?xml version="1.0" encoding="utf-8"?><testsuites name="pytest tests"><testsuite name="pytest" errors="0" failures="0" skipped="1" tests="14" time="7.373" timestamp="2026-04-26T22:03:08.885614+00:00" hostname="agent-env-6ba18878-0f3e-492d-a152-e713a7eb5401"><testcase classname="backend.tests.test_iteration_25_nicknames.TestNicknameCRUD" name="test_get_returns_defaults_and_user_arrays" time="0.311" /><testcase classname="backend.tests.test_iteration_25_nicknames.TestNicknameCRUD" name="test_post_creates_and_get_persists" time="0.860" /><testcase classname="backend.tests.test_iteration_25_nicknames.TestNicknameCRUD" name="test_post_same_nickname_updates_not_duplicates" time="0.666" /><testcase classname="backend.tests.test_iteration_25_nicknames.TestNicknameCRUD" name="test_post_validation_400[payload0]" time="0.113" /><testcase classname="backend.tests.test_iteration_25_nicknames.TestNicknameCRUD" name="test_post_validation_400[payload1]" time="0.119" /><testcase classname="backend.tests.test_iteration_25_nicknames.TestNicknameCRUD" name="test_post_validation_400[payload2]" time="0.169" /><testcase classname="backend.tests.test_iteration_25_nicknames.TestNicknameCRUD" name="test_post_validation_400[payload3]" time="0.153" /><testcase classname="backend.tests.test_iteration_25_nicknames.TestNicknameCRUD" name="test_delete_removes_alias" time="0.529" /><testcase classname="backend.tests.test_iteration_25_nicknames.TestNicknameCRUD" name="test_delete_unknown_returns_404" time="0.171" /><testcase classname="backend.tests.test_iteration_25_nicknames.TestNicknameIntegration" name="test_load_nickname_map_includes_user_alias" time="0.463" /><testcase classname="backend.tests.test_iteration_25_nicknames.TestNicknameIntegration" name="test_merge_snapshot_data_routes_custom_alias_to_pos_employee" time="3.216" /><testcase classname="backend.tests.test_iteration_25_nicknames.TestRegression" name="test_treyanna_quick_default_match_unaffected" time="0.033" /><testcase classname="backend.tests.test_iteration_25_nicknames.TestRegression" name="test_p0_sync_safety_guard_409" time="0.421" /><testcase classname="backend.tests.test_iteration_25_nicknames.TestRegression" name="test_cv_adjustment_upload_returns_nps_and_category" time="0.000"><skipped type="pytest.skip" message="/tmp/feedback.xlsx not available">/app/backend/tests/test_iteration_25_nicknames.py:321: /tmp/feedback.xlsx not available</skipped></testcase></testsuite></testsuites>