<?xml version="1.0" encoding="utf-8"?><testsuites name="pytest tests"><testsuite name="pytest" errors="0" failures="0" skipped="0" tests="12" time="4.271" timestamp="2026-04-27T08:26:43.947064+00:00" hostname="agent-env-6ba18878-0f3e-492d-a152-e713a7eb5401"><testcase classname="backend.tests.test_iteration_27_cv_and_png.TestCVScoringDeltaMath" name="test_cv_input_edit_uses_delta_math_and_override_flag" time="0.779" /><testcase classname="backend.tests.test_iteration_27_cv_and_png.TestCVScoringDeltaMath" name="test_cv_promoters_edit_formula" time="0.848" /><testcase classname="backend.tests.test_iteration_27_cv_and_png.TestCVScoringDeltaMath" name="test_name_only_edit_does_not_change_total" time="0.491" /><testcase classname="backend.tests.test_iteration_27_cv_and_png.TestPOSFullRebuild" name="test_liquor_sales_edit_triggers_full_rebuild" time="0.553" /><testcase classname="backend.tests.test_iteration_27_cv_and_png.TestSnapshotPngPdf" name="test_snapshot_png_returns_1920x1080" time="0.632" /><testcase classname="backend.tests.test_iteration_27_cv_and_png.TestSnapshotPngPdf" name="test_snapshot_pdf_magic_bytes" time="0.157" /><testcase classname="backend.tests.test_iteration_27_cv_and_png.TestSnapshotPngPdf" name="test_snapshot_png_404_for_empty_quarter" time="0.084" /><testcase classname="backend.tests.test_iteration_27_cv_and_png.TestSnapshotPngPdf" name="test_snapshot_pdf_404_for_empty_quarter" time="0.081" /><testcase classname="backend.tests.test_iteration_27_cv_and_png.TestRegressions" name="test_qr_leaderboard_data" time="0.119" /><testcase classname="backend.tests.test_iteration_27_cv_and_png.TestRegressions" name="test_nickname_aliases_get" time="0.083" /><testcase classname="backend.tests.test_iteration_27_cv_and_png.TestRegressions" name="test_nickname_alias_crud_roundtrip" time="0.288" /><testcase classname="backend.tests.test_iteration_27_cv_and_png.TestRegressions" name="test_rt_parser_quarter_aware_route_reachable" time="0.097" /></testsuite></testsuites>