<?xml version="1.0" encoding="utf-8"?><testsuites name="pytest tests"><testsuite name="pytest" errors="0" failures="0" skipped="0" tests="11" time="2.371" timestamp="2026-04-11T08:49:31.168070+00:00" hostname="agent-env-6ba18878-0f3e-492d-a152-e713a7eb5401"><testcase classname="tests.test_modularized_routes.TestHealthEndpoint" name="test_health_returns_healthy" time="0.273" /><testcase classname="tests.test_modularized_routes.TestLegacySnapshotsRoutes" name="test_list_snapshots" time="0.182" /><testcase classname="tests.test_modularized_routes.TestLegacySnapshotsRoutes" name="test_list_snapshots_with_year_filter" time="0.131" /><testcase classname="tests.test_modularized_routes.TestLegacySnapshotsRoutes" name="test_get_snapshot_backgrounds" time="0.129" /><testcase classname="tests.test_modularized_routes.TestSnapshotWorkflowRoutes" name="test_list_workflow_snapshots" time="0.325" /><testcase classname="tests.test_modularized_routes.TestSnapshotWorkflowRoutes" name="test_current_rankings" time="0.148" /><testcase classname="tests.test_modularized_routes.TestInsightsRoutes" name="test_store_health" time="0.598" /><testcase classname="tests.test_modularized_routes.TestEmployeesRoutes" name="test_list_employees" time="0.190" /><testcase classname="tests.test_modularized_routes.TestQuarterSettingsRoutes" name="test_get_quarter_settings" time="0.139" /><testcase classname="tests.test_modularized_routes.TestTrendsRoutes" name="test_momentum_endpoint" time="0.099" /><testcase classname="tests.test_modularized_routes.TestRootEndpoint" name="test_root_endpoint" time="0.098" /></testsuite></testsuites>