<?xml version="1.0" encoding="utf-8"?><testsuites name="pytest tests"><testsuite name="pytest" errors="0" failures="0" skipped="0" tests="11" time="2.651" timestamp="2026-04-08T20:51:01.690059+00:00" hostname="agent-env-6ba18878-0f3e-492d-a152-e713a7eb5401"><testcase classname="tests.test_modularized_routes.TestHealthCheck" name="test_health_endpoint" time="0.306" /><testcase classname="tests.test_modularized_routes.TestInsightsEndpoints" name="test_store_health_score" time="0.640" /><testcase classname="tests.test_modularized_routes.TestInsightsEndpoints" name="test_coaching_radar" time="0.260" /><testcase classname="tests.test_modularized_routes.TestInsightsEndpoints" name="test_review_impact" time="0.169" /><testcase classname="tests.test_modularized_routes.TestTrendsEndpoints" name="test_momentum_indicators" time="0.175" /><testcase classname="tests.test_modularized_routes.TestEmployeesEndpoint" name="test_get_employees" time="0.232" /><testcase classname="tests.test_modularized_routes.TestQuarterSettingsEndpoint" name="test_get_quarter_settings" time="0.153" /><testcase classname="tests.test_modularized_routes.TestQuarterSettingsEndpoint" name="test_get_all_quarter_settings" time="0.135" /><testcase classname="tests.test_modularized_routes.TestSnapshotWorkflowEndpoint" name="test_current_rankings" time="0.180" /><testcase classname="tests.test_modularized_routes.TestInsightsWithNoData" name="test_store_health_no_data" time="0.171" /><testcase classname="tests.test_modularized_routes.TestInsightsWithNoData" name="test_coaching_radar_no_data" time="0.148" /></testsuite></testsuites>