<?xml version="1.0" encoding="utf-8"?><testsuites name="pytest tests"><testsuite name="pytest" errors="0" failures="0" skipped="0" tests="26" time="6.944" timestamp="2026-04-06T00:22:09.721035+00:00" hostname="agent-env-6ba18878-0f3e-492d-a152-e713a7eb5401"><testcase classname="tests.test_multi_store_architecture.TestStoreManagement" name="test_list_stores_returns_200" time="0.600" /><testcase classname="tests.test_multi_store_architecture.TestStoreManagement" name="test_list_stores_returns_22_bubba_gump_locations" time="0.191" /><testcase classname="tests.test_multi_store_architecture.TestStoreManagement" name="test_list_stores_with_stats" time="0.927" /><testcase classname="tests.test_multi_store_architecture.TestStoreManagement" name="test_list_stores_filter_by_region" time="0.174" /><testcase classname="tests.test_multi_store_architecture.TestStoreManagement" name="test_list_stores_returns_regions" time="0.176" /><testcase classname="tests.test_multi_store_architecture.TestGlobalOverview" name="test_global_overview_returns_200" time="0.210" /><testcase classname="tests.test_multi_store_architecture.TestGlobalOverview" name="test_global_overview_summary_structure" time="0.201" /><testcase classname="tests.test_multi_store_architecture.TestGlobalOverview" name="test_global_overview_store_data_structure" time="0.188" /><testcase classname="tests.test_multi_store_architecture.TestGlobalOverview" name="test_global_overview_filter_by_region" time="0.174" /><testcase classname="tests.test_multi_store_architecture.TestGlobalOverview" name="test_global_overview_las_vegas_has_employees" time="0.194" /><testcase classname="tests.test_multi_store_architecture.TestGlobalLeaderboard" name="test_global_leaderboard_returns_200" time="0.203" /><testcase classname="tests.test_multi_store_architecture.TestGlobalLeaderboard" name="test_global_leaderboard_employee_structure" time="0.233" /><testcase classname="tests.test_multi_store_architecture.TestGlobalLeaderboard" name="test_global_leaderboard_sorted_by_score" time="0.170" /><testcase classname="tests.test_multi_store_architecture.TestGlobalLeaderboard" name="test_global_leaderboard_limit_parameter" time="0.184" /><testcase classname="tests.test_multi_store_architecture.TestGlobalLeaderboard" name="test_global_leaderboard_global_rank_assigned" time="0.171" /><testcase classname="tests.test_multi_store_architecture.TestStoreComparison" name="test_store_comparison_returns_200" time="0.177" /><testcase classname="tests.test_multi_store_architecture.TestStoreComparison" name="test_store_comparison_default_metric_is_avg_score" time="0.181" /><testcase classname="tests.test_multi_store_architecture.TestStoreComparison" name="test_store_comparison_structure" time="0.185" /><testcase classname="tests.test_multi_store_architecture.TestStoreComparison" name="test_store_comparison_sorted_by_value" time="0.173" /><testcase classname="tests.test_multi_store_architecture.TestStoreComparison" name="test_store_comparison_different_metrics" time="0.711" /><testcase classname="tests.test_multi_store_architecture.TestUploadJobs" name="test_upload_jobs_direct_returns_job_id" time="0.219" /><testcase classname="tests.test_multi_store_architecture.TestUploadJobs" name="test_upload_jobs_get_status" time="0.547" /><testcase classname="tests.test_multi_store_architecture.TestUploadJobs" name="test_upload_jobs_invalid_job_id_returns_404" time="0.288" /><testcase classname="tests.test_multi_store_architecture.TestUploadJobs" name="test_upload_jobs_unsupported_file_type" time="0.097" /><testcase classname="tests.test_multi_store_architecture.TestStoreRegions" name="test_list_regions_returns_200" time="0.133" /><testcase classname="tests.test_multi_store_architecture.TestStoreRegions" name="test_list_regions_structure" time="0.135" /></testsuite></testsuites>