<?xml version="1.0" encoding="utf-8"?><testsuites name="pytest tests"><testsuite name="pytest" errors="0" failures="0" skipped="0" tests="8" time="10.250" timestamp="2026-04-26T10:47:16.985239+00:00" hostname="agent-env-6ba18878-0f3e-492d-a152-e713a7eb5401"><testcase classname="tests.test_save_snapshot_p0_fix.TestGhostNotResurrected" name="test_delete_ghost_then_sync_then_reprocess" time="3.172" /><testcase classname="tests.test_save_snapshot_p0_fix.TestNpsManualOverride" name="test_nps_edit_persists_override_flag_and_survives_reprocess" time="2.360" /><testcase classname="tests.test_save_snapshot_p0_fix.TestRawPosEditsPersist" name="test_pos_field_edits_survive_sync_reprocess" time="2.206" /><testcase classname="tests.test_save_snapshot_p0_fix.TestIteration22Regressions" name="test_targeted_delete_preserves_same_name_dup" time="0.354" /><testcase classname="tests.test_save_snapshot_p0_fix.TestIteration22Regressions" name="test_orphan_put_recovery" time="0.693" /><testcase classname="tests.test_save_snapshot_p0_fix.TestIteration22Regressions" name="test_qr_tripadvisor_endpoints" time="0.268" /><testcase classname="tests.test_save_snapshot_p0_fix.TestIteration22Regressions" name="test_cv_adjustment_upload_quarter_year" time="0.772" /><testcase classname="tests.test_save_snapshot_p0_fix.TestCurrentRankings" name="test_current_rankings_returns_active" time="0.283" /></testsuite></testsuites>