<?xml version="1.0" encoding="utf-8"?><testsuites name="pytest tests"><testsuite name="pytest" errors="0" failures="0" skipped="0" tests="17" time="3.320" timestamp="2026-03-09T20:38:55.602316+00:00" hostname="agent-env-137439f0-0683-4f10-bd2d-7647738c5d54"><testcase classname="backend.tests.test_perf_review.TestHealthCheck" name="test_api_root_accessible" time="0.235" /><testcase classname="backend.tests.test_perf_review.TestEmployees" name="test_get_employees_count" time="0.145" /><testcase classname="backend.tests.test_perf_review.TestEmployees" name="test_employee_has_required_fields" time="0.115" /><testcase classname="backend.tests.test_perf_review.TestReviewTrackerPlatformStats" name="test_platform_stats_match_rt_dashboard" time="0.114" /><testcase classname="backend.tests.test_perf_review.TestCustomerVoiceStats" name="test_cv_store_nps_matches_dashboard" time="0.121" /><testcase classname="backend.tests.test_perf_review.TestCustomerVoiceStats" name="test_cv_has_promoter_detractor_counts" time="0.115" /><testcase classname="backend.tests.test_perf_review.TestScoringAudit" name="test_audit_report_endpoint" time="0.169" /><testcase classname="backend.tests.test_perf_review.TestScoringAudit" name="test_data_cap_check_endpoint" time="0.105" /><testcase classname="backend.tests.test_perf_review.TestScoringAudit" name="test_review_accuracy_endpoint" time="0.944" /><testcase classname="backend.tests.test_perf_review.TestSyncNpsToEmployees" name="test_sync_nps_endpoint_exists" time="0.077" /><testcase classname="backend.tests.test_perf_review.TestDashboardEndpoints" name="test_full_rankings_endpoint" time="0.114" /><testcase classname="backend.tests.test_perf_review.TestDashboardEndpoints" name="test_quarter_settings_endpoint" time="0.142" /><testcase classname="backend.tests.test_perf_review.TestDashboardEndpoints" name="test_needs_coaching_count" time="0.266" /><testcase classname="backend.tests.test_perf_review.TestDataIntegrity" name="test_all_employees_have_scores" time="0.118" /><testcase classname="backend.tests.test_perf_review.TestDataIntegrity" name="test_employees_have_rankings" time="0.114" /><testcase classname="backend.tests.test_perf_review.TestDataIntegrity" name="test_derived_metrics_calculated" time="0.118" /><testcase classname="backend.tests.test_perf_review.TestRankingsExpansion" name="test_employee_detail_accessible" time="0.226" /></testsuite></testsuites>