<?xml version="1.0" encoding="utf-8"?><testsuites name="pytest tests"><testsuite name="pytest" errors="0" failures="0" skipped="0" tests="21" time="1.498" timestamp="2026-01-25T22:24:13.832129+00:00" hostname="agent-env-85ec889f-beac-47e7-9a4e-872fc4af0bda"><testcase classname="backend.tests.test_v2_scoring_engine.TestQuarterSettings" name="test_get_all_quarter_settings" time="0.077" /><testcase classname="backend.tests.test_v2_scoring_engine.TestQuarterSettings" name="test_get_existing_quarter_settings" time="0.042" /><testcase classname="backend.tests.test_v2_scoring_engine.TestQuarterSettings" name="test_get_nonexistent_quarter_settings" time="0.034" /><testcase classname="backend.tests.test_v2_scoring_engine.TestQuarterSettings" name="test_create_quarter_settings_for_q3" time="0.082" /><testcase classname="backend.tests.test_v2_scoring_engine.TestQuarterSettings" name="test_create_duplicate_settings_fails" time="0.052" /><testcase classname="backend.tests.test_v2_scoring_engine.TestQuarterSettings" name="test_invalid_weights_rejected" time="0.041" /><testcase classname="backend.tests.test_v2_scoring_engine.TestUploadValidation" name="test_validate_valid_csv" time="0.037" /><testcase classname="backend.tests.test_v2_scoring_engine.TestUploadValidation" name="test_validate_missing_columns" time="0.083" /><testcase classname="backend.tests.test_v2_scoring_engine.TestUploadValidation" name="test_validate_invalid_data" time="0.038" /><testcase classname="backend.tests.test_v2_scoring_engine.TestUploadAndScoring" name="test_upload_requires_settings" time="0.036" /><testcase classname="backend.tests.test_v2_scoring_engine.TestUploadAndScoring" name="test_upload_to_locked_quarter_fails" time="0.077" /><testcase classname="backend.tests.test_v2_scoring_engine.TestUploadAndScoring" name="test_upload_and_score_q3" time="0.112" /><testcase classname="backend.tests.test_v2_scoring_engine.TestRankingsAndEmployees" name="test_get_employees_for_quarter" time="0.040" /><testcase classname="backend.tests.test_v2_scoring_engine.TestRankingsAndEmployees" name="test_get_rankings" time="0.037" /><testcase classname="backend.tests.test_v2_scoring_engine.TestRankingsAndEmployees" name="test_get_top_performers" time="0.039" /><testcase classname="backend.tests.test_v2_scoring_engine.TestRankingsAndEmployees" name="test_get_single_employee" time="0.075" /><testcase classname="backend.tests.test_v2_scoring_engine.TestClearAndReupload" name="test_clear_unlocks_quarter" time="0.108" /><testcase classname="backend.tests.test_v2_scoring_engine.TestClearAndReupload" name="test_reupload_after_clear" time="0.105" /><testcase classname="backend.tests.test_v2_scoring_engine.TestBenchmarkSuggestions" name="test_get_benchmark_suggestions" time="0.077" /><testcase classname="backend.tests.test_v2_scoring_engine.TestUpdateSettings" name="test_update_unlocked_settings" time="0.190" /><testcase classname="backend.tests.test_v2_scoring_engine.TestUpdateSettings" name="test_update_locked_settings_fails" time="0.038" /></testsuite></testsuites>