<?xml version="1.0" encoding="utf-8"?><testsuites name="pytest tests"><testsuite name="pytest" errors="0" failures="0" skipped="0" tests="17" time="2.903" timestamp="2026-03-23T11:27:01.570269+00:00" hostname="agent-env-6ba18878-0f3e-492d-a152-e713a7eb5401"><testcase classname="backend.tests.test_sanity_check.TestQRCodeFeatures" name="test_qr_employees_endpoint" time="0.227" /><testcase classname="backend.tests.test_sanity_check.TestQRCodeFeatures" name="test_qr_go_redirect" time="0.469" /><testcase classname="backend.tests.test_sanity_check.TestQRCodeFeatures" name="test_qr_settings_endpoint" time="0.108" /><testcase classname="backend.tests.test_sanity_check.TestLeaderboardFeatures" name="test_full_rankings_endpoint" time="0.121" /><testcase classname="backend.tests.test_sanity_check.TestLeaderboardFeatures" name="test_employees_endpoint_with_performance_tier" time="0.126" /><testcase classname="backend.tests.test_sanity_check.TestEmployeeManagement" name="test_employees_list" time="0.152" /><testcase classname="backend.tests.test_sanity_check.TestEmployeeManagement" name="test_cleanup_analyze_endpoint" time="0.115" /><testcase classname="backend.tests.test_sanity_check.TestDataExportImport" name="test_data_export_endpoint" time="0.163" /><testcase classname="backend.tests.test_sanity_check.TestDataExportImport" name="test_data_import_endpoint_exists" time="0.099" /><testcase classname="backend.tests.test_sanity_check.TestAnalyticsAndDashboard" name="test_quarter_settings_endpoint" time="0.106" /><testcase classname="backend.tests.test_sanity_check.TestAnalyticsAndDashboard" name="test_cv_stats_endpoint" time="0.160" /><testcase classname="backend.tests.test_sanity_check.TestAnalyticsAndDashboard" name="test_reviews_stats_endpoint" time="0.148" /><testcase classname="backend.tests.test_sanity_check.TestReportsAndSlides" name="test_leaderboard_slide_endpoint" time="0.348" /><testcase classname="backend.tests.test_sanity_check.TestReportsAndSlides" name="test_top10_slide_endpoint" time="0.109" /><testcase classname="backend.tests.test_sanity_check.TestScoringSystem" name="test_scoring_breakdown" time="0.181" /><testcase classname="backend.tests.test_sanity_check.TestAPIHealth" name="test_api_root" time="0.103" /><testcase classname="backend.tests.test_sanity_check.TestAPIHealth" name="test_qr_stats" time="0.096" /></testsuite></testsuites>