<?xml version="1.0" encoding="utf-8"?><testsuites name="pytest tests"><testsuite name="pytest" errors="0" failures="1" skipped="0" tests="18" time="4.992" timestamp="2026-03-30T00:53:22.987215+00:00" hostname="agent-env-6ba18878-0f3e-492d-a152-e713a7eb5401"><testcase classname="tests.test_snapshot_metrics.TestCurrentRankingsEndpoint" name="test_current_rankings_returns_200" time="0.194" /><testcase classname="tests.test_snapshot_metrics.TestCurrentRankingsEndpoint" name="test_current_rankings_has_28_employees" time="0.127" /><testcase classname="tests.test_snapshot_metrics.TestCurrentRankingsEndpoint" name="test_snapshot_metadata_correct" time="0.112" /><testcase classname="tests.test_snapshot_metrics.TestPerGuestMetricsCalculation" name="test_lbw_per_guest_calculated" time="0.123" /><testcase classname="tests.test_snapshot_metrics.TestPerGuestMetricsCalculation" name="test_glassware_per_guest_calculated" time="0.128" /><testcase classname="tests.test_snapshot_metrics.TestPerGuestMetricsCalculation" name="test_guests_per_lsc_calculated" time="0.147" /><testcase classname="tests.test_snapshot_metrics.TestScoreCalculation" name="test_score_ppa_non_zero" time="0.115" /><testcase classname="tests.test_snapshot_metrics.TestScoreCalculation" name="test_score_lbw_non_zero" time="0.129" /><testcase classname="tests.test_snapshot_metrics.TestScoreCalculation" name="test_score_glass_non_zero" time="0.122" /><testcase classname="tests.test_snapshot_metrics.TestScoreCalculation" name="test_score_lsc_non_zero" time="0.128" /><testcase classname="tests.test_snapshot_metrics.TestScoreCalculation" name="test_total_score_in_reasonable_range" time="0.116" /><testcase classname="tests.test_snapshot_metrics.TestTopScorer" name="test_top_scorer_is_starwars" time="0.124" /><testcase classname="tests.test_snapshot_metrics.TestSlideGeneration" name="test_slide_endpoint_returns_200" time="0.959" /><testcase classname="tests.test_snapshot_metrics.TestSlideGeneration" name="test_slide_returns_png" time="1.038" /><testcase classname="tests.test_snapshot_metrics.TestSlideGeneration" name="test_slide_has_content_disposition" time="0.977" /><testcase classname="tests.test_snapshot_metrics.TestSnapshotDetails" name="test_snapshot_details_returns_200" time="0.128" /><testcase classname="tests.test_snapshot_metrics.TestSnapshotDetails" name="test_snapshot_has_employees" time="0.116" /><testcase classname="tests.test_snapshot_metrics.TestSnapshotDetails" name="test_snapshot_has_benchmarks" time="0.110"><failure message="AssertionError: Expected ppa benchmark&#10;assert 'ppa' in {}">tests/test_snapshot_metrics.py:273: in test_snapshot_has_benchmarks
    assert "ppa" in benchmarks, "Expected ppa benchmark"
E   AssertionError: Expected ppa benchmark
E   assert 'ppa' in {}</failure></testcase></testsuite></testsuites>