<?xml version="1.0" encoding="utf-8"?><testsuites name="pytest tests"><testsuite name="pytest" errors="0" failures="0" skipped="0" tests="16" time="2.767" timestamp="2026-04-20T11:22:48.362114+00:00" hostname="agent-env-6ba18878-0f3e-492d-a152-e713a7eb5401"><testcase classname="tests.test_stability_q2_2026.TestHealthAndBasicEndpoints" name="test_health_endpoint" time="0.117" /><testcase classname="tests.test_stability_q2_2026.TestHealthAndBasicEndpoints" name="test_root_endpoint" time="0.132" /><testcase classname="tests.test_stability_q2_2026.TestEmployeesAPI" name="test_get_employees_q2_2026" time="0.157" /><testcase classname="tests.test_stability_q2_2026.TestEmployeesAPI" name="test_get_employees_q1_2026" time="0.216" /><testcase classname="tests.test_stability_q2_2026.TestSnapshotWorkflowAPI" name="test_get_snapshots_q2_2026" time="0.182" /><testcase classname="tests.test_stability_q2_2026.TestSnapshotWorkflowAPI" name="test_get_current_rankings" time="0.136" /><testcase classname="tests.test_stability_q2_2026.TestYodeckSlidesAPI" name="test_get_complete_rankings_slide" time="0.493" /><testcase classname="tests.test_stability_q2_2026.TestQuarterSettingsAPI" name="test_get_quarter_settings" time="0.147" /><testcase classname="tests.test_stability_q2_2026.TestInsightsAPI" name="test_get_store_health" time="0.169" /><testcase classname="tests.test_stability_q2_2026.TestInsightsAPI" name="test_get_trends_momentum" time="0.100" /><testcase classname="tests.test_stability_q2_2026.TestLegacySnapshotsAPI" name="test_get_legacy_snapshots" time="0.181" /><testcase classname="tests.test_stability_q2_2026.TestLegacySnapshotsAPI" name="test_get_snapshot_backgrounds" time="0.109" /><testcase classname="tests.test_stability_q2_2026.TestDataUploadEndpoints" name="test_pos_upload_endpoint_exists" time="0.104" /><testcase classname="tests.test_stability_q2_2026.TestDataUploadEndpoints" name="test_cv_upload_endpoint_exists" time="0.134" /><testcase classname="tests.test_stability_q2_2026.TestDataUploadEndpoints" name="test_rt_upload_endpoint_exists" time="0.112" /><testcase classname="tests.test_stability_q2_2026.TestAuditEndpoints" name="test_data_cap_check" time="0.202" /></testsuite></testsuites>