<?xml version="1.0" encoding="utf-8"?><testsuites name="pytest tests"><testsuite name="pytest" errors="0" failures="0" skipped="0" tests="16" time="2.082" timestamp="2026-01-26T18:32:46.938672+00:00" hostname="agent-env-2361cccd-21c6-4edd-b301-558b3656017a"><testcase classname="backend.tests.test_yodeck_theme.TestYodeckSlideManifest" name="test_get_all_slides_manifest" time="0.082" /><testcase classname="backend.tests.test_yodeck_theme.TestYodeckSlideManifest" name="test_slides_have_correct_structure" time="0.046" /><testcase classname="backend.tests.test_yodeck_theme.TestYodeckSlideManifest" name="test_tier_counts_match_employees" time="0.042" /><testcase classname="backend.tests.test_yodeck_theme.TestYodeckSlideDownload" name="test_download_top10_slide" time="0.226" /><testcase classname="backend.tests.test_yodeck_theme.TestYodeckSlideDownload" name="test_download_tier_slide_a_servers" time="0.192" /><testcase classname="backend.tests.test_yodeck_theme.TestYodeckSlideDownload" name="test_download_tier_slide_b_servers" time="0.179" /><testcase classname="backend.tests.test_yodeck_theme.TestYodeckSlideDownload" name="test_download_tier_slide_c_servers" time="0.167" /><testcase classname="backend.tests.test_yodeck_theme.TestYodeckSlideDownload" name="test_download_most_improved_slide" time="0.113" /><testcase classname="backend.tests.test_yodeck_theme.TestYodeckSlideDownload" name="test_download_promotion_watchlist_slide" time="0.169" /><testcase classname="backend.tests.test_yodeck_theme.TestYodeckSlideDownload" name="test_download_at_risk_slide" time="0.181" /><testcase classname="backend.tests.test_yodeck_theme.TestYodeckSlideDownload" name="test_invalid_tier_returns_400" time="0.039" /><testcase classname="backend.tests.test_yodeck_theme.TestQuarterSettingsTheme" name="test_get_quarter_settings_has_theme" time="0.034" /><testcase classname="backend.tests.test_yodeck_theme.TestQuarterSettingsTheme" name="test_update_theme_on_locked_quarter_fails" time="0.037" /><testcase classname="backend.tests.test_yodeck_theme.TestQuarterSettingsTheme" name="test_theme_reflected_in_slide_manifest" time="0.080" /><testcase classname="backend.tests.test_yodeck_theme.TestSlideEndpointFormats" name="test_slide_has_content_disposition_header" time="0.204" /><testcase classname="backend.tests.test_yodeck_theme.TestSlideEndpointFormats" name="test_slide_dimensions_are_1920x1080" time="0.204" /></testsuite></testsuites>